<?xml version="1.0" encoding="UTF-8"?>
<!-- Generated by org.testng.reporters.JUnitReportReporter -->
<testsuite hostname="LAPTOP-U2DQVJNJ" failures="0" tests="1" name="testcases.UserCheckout_MultipleItems" time="32.876" errors="0" timestamp="2023-06-08T23:16:08 IST" skipped="0">
  <testcase classname="testcases.UserCheckout_MultipleItems" name="MultiItemchkout" time="32.876"/>
  <system-out/>
</testsuite> <!-- testcases.UserCheckout_MultipleItems -->
