<?xml version="1.0" encoding="UTF-8"?>
<!-- Generated by org.testng.reporters.JUnitReportReporter -->
<testsuite hostname="LAPTOP-U2DQVJNJ" failures="0" tests="1" name="testcases.SupplierSignup_Login" time="17.644" errors="0" timestamp="2023-06-08T23:21:33 IST" skipped="0">
  <testcase classname="testcases.SupplierSignup_Login" name="SignupSupplr" time="17.644"/>
  <system-out/>
</testsuite> <!-- testcases.SupplierSignup_Login -->
