<?xml version="1.0" encoding="UTF-8"?>
<!-- Generated by org.testng.reporters.JUnitReportReporter -->
<testsuite hostname="LAPTOP-U2DQVJNJ" failures="0" tests="1" name="testcases.UserChekout_SingleItem" time="20.277" errors="0" timestamp="2023-06-08T23:16:08 IST" skipped="0">
  <testcase classname="testcases.UserChekout_SingleItem" name="chkoutSingleitem" time="20.277"/>
  <system-out/>
</testsuite> <!-- testcases.UserChekout_SingleItem -->
