<?xml version="1.0" encoding="UTF-8"?>
<!-- Generated by org.testng.reporters.JUnitReportReporter -->
<testsuite hostname="LAPTOP-U2DQVJNJ" failures="0" tests="1" name="RestAssured.APITesting" time="1.495" errors="0" timestamp="2023-06-04T11:29:33 IST" skipped="0">
  <testcase classname="RestAssured.APITesting" name="getCategoryTwoProds" time="1.495"/>
  <system-out/>
</testsuite> <!-- RestAssured.APITesting -->
