<?xml version="1.0" encoding="UTF-8"?>
<!-- Generated by org.testng.reporters.JUnitReportReporter -->
<testsuite hostname="LAPTOP-U2DQVJNJ" failures="0" tests="1" name="testcases.UserSinup_Login" time="20.507" errors="0" timestamp="2023-06-08T23:16:08 IST" skipped="0">
  <testcase classname="testcases.UserSinup_Login" name="UserDetails" time="20.507"/>
  <system-out/>
</testsuite> <!-- testcases.UserSinup_Login -->
